<?xml version="1.0" encoding="UTF-8"?>
<!-- Generated by org.testng.reporters.JUnitReportReporter -->
<testsuite hostname="DESKTOP-4HJIOBN" failures="0" tests="5" name="secondprojectautomationjuly.project1" time="15.595" errors="0" timestamp="2024-08-11T21:22:13 EET" skipped="0">
  <testcase classname="secondprojectautomationjuly.project1" name="mytest" time="0.214"/>
  <system-out/>
  <testcase classname="secondprojectautomationjuly.project1" name="Addtocarttest" time="6.245"/>
  <system-out/>
  <testcase classname="secondprojectautomationjuly.project1" name="removetocart" time="4.490"/>
  <system-out/>
  <testcase classname="secondprojectautomationjuly.project1" name="myTest2" time="2.684"/>
  <system-out/>
  <testcase classname="secondprojectautomationjuly.project1" name="mytestremove" time="1.962"/>
  <system-out/>
</testsuite> <!-- secondprojectautomationjuly.project1 -->
